  signboard.cpp
  scene.cpp
  road.cpp
  player.cpp
c:\users\sayae\onedrive\ドキュメント\gm31\1228\gm31 20180420\source file\player.cpp(543): warning C4244: '引数': 'double' から 'FLOAT' への変換です。データが失われる可能性があります。
c:\users\sayae\onedrive\ドキュメント\gm31\1228\gm31 20180420\source file\player.cpp(619): warning C4305: '-=': 'double' から 'float' へ切り詰めます。
c:\users\sayae\onedrive\ドキュメント\gm31\1228\gm31 20180420\source file\player.cpp(632): warning C4305: '+=': 'double' から 'float' へ切り詰めます。
c:\users\sayae\onedrive\ドキュメント\gm31\1228\gm31 20180420\source file\player.cpp(655): warning C4305: '+=': 'double' から 'float' へ切り詰めます。
c:\users\sayae\onedrive\ドキュメント\gm31\1228\gm31 20180420\source file\player.cpp(683): warning C4305: '-=': 'double' から 'float' へ切り詰めます。
c:\users\sayae\onedrive\ドキュメント\gm31\1228\gm31 20180420\source file\player.cpp(713): warning C4305: '+=': 'double' から 'float' へ切り詰めます。
c:\users\sayae\onedrive\ドキュメント\gm31\1228\gm31 20180420\source file\player.cpp(719): warning C4305: '-=': 'double' から 'float' へ切り詰めます。
c:\users\sayae\onedrive\ドキュメント\gm31\1228\gm31 20180420\source file\player.cpp(901): warning C4244: '引数': 'double' から 'FLOAT' への変換です。データが失われる可能性があります。
c:\users\sayae\onedrive\ドキュメント\gm31\1228\gm31 20180420\source file\player.cpp(940): warning C4244: '引数': 'double' から 'FLOAT' への変換です。データが失われる可能性があります。
c:\users\sayae\onedrive\ドキュメント\gm31\1228\gm31 20180420\source file\player.cpp(965): warning C4305: '+=': 'double' から 'float' へ切り詰めます。
c:\users\sayae\onedrive\ドキュメント\gm31\1228\gm31 20180420\source file\player.cpp(970): warning C4305: '-=': 'double' から 'float' へ切り詰めます。
c:\users\sayae\onedrive\ドキュメント\gm31\1228\gm31 20180420\source file\player.cpp(1313): warning C4305: '+=': 'double' から 'float' へ切り詰めます。
c:\users\sayae\onedrive\ドキュメント\gm31\1228\gm31 20180420\source file\player.cpp(1319): warning C4305: '+=': 'double' から 'float' へ切り詰めます。
c:\users\sayae\onedrive\ドキュメント\gm31\1228\gm31 20180420\source file\player.cpp(1320): warning C4305: '+=': 'double' から 'float' へ切り詰めます。
  mode_ranking.cpp
c:\users\sayae\onedrive\ドキュメント\gm31\1228\gm31 20180420\source file\mode_ranking.cpp(259): warning C4244: '引数': 'double' から 'float' への変換です。データが失われる可能性があります。
  mode_game.cpp
c:\users\sayae\onedrive\ドキュメント\gm31\1228\gm31 20180420\source file\mode_game.cpp(448): warning C4244: '引数': 'float' から 'int' への変換です。データが失われる可能性があります。
c:\users\sayae\onedrive\ドキュメント\gm31\1228\gm31 20180420\source file\mode_game.cpp(452): warning C4244: '引数': 'float' から 'int' への変換です。データが失われる可能性があります。
c:\users\sayae\onedrive\ドキュメント\gm31\1228\gm31 20180420\source file\mode_game.cpp(455): warning C4244: '引数': 'float' から 'int' への変換です。データが失われる可能性があります。
c:\users\sayae\onedrive\ドキュメント\gm31\1228\gm31 20180420\source file\mode_game.cpp(458): warning C4244: '引数': 'float' から 'int' への変換です。データが失われる可能性があります。
c:\users\sayae\onedrive\ドキュメント\gm31\1228\gm31 20180420\source file\mode_game.cpp(461): warning C4244: '引数': 'float' から 'int' への変換です。データが失われる可能性があります。
c:\users\sayae\onedrive\ドキュメント\gm31\1228\gm31 20180420\source file\mode_game.cpp(464): warning C4244: '引数': 'float' から 'int' への変換です。データが失われる可能性があります。
c:\users\sayae\onedrive\ドキュメント\gm31\1228\gm31 20180420\source file\mode_game.cpp(467): warning C4244: '引数': 'float' から 'int' への変換です。データが失われる可能性があります。
c:\users\sayae\onedrive\ドキュメント\gm31\1228\gm31 20180420\source file\mode_game.cpp(470): warning C4244: '引数': 'float' から 'int' への変換です。データが失われる可能性があります。
  manager.cpp
  コードを生成中...
  スキップ中... (関連する変更は検出されませんでした)
  tree_bill.cpp
  start_effect.cpp
  star_effect.cpp
  smoke_effect.cpp
  sky_box.cpp
  mode_title.cpp
  main.cpp
  kasoku_effect.cpp
  jump_effect.cpp
  jump_board_reverse.cpp
  jump_board.cpp
  itembox_effect.cpp
  item_box.cpp
  fade.cpp
  drifting_effect_mini.cpp
  drifting_effect.cpp
  dashboard_side.cpp
  dashboard.cpp
  dash_effect.cpp
  coin_effect.cpp
  coin.cpp
  camera.cpp
  EnemyShadow.cpp
  Enemy.cpp
  GM31 20180416.vcxproj -> C:\Users\sayae\OneDrive\ドキュメント\GM31\1228\GM31 20180420\Debug\GM31 20180416.exe
  GM31 20180416.vcxproj -> C:\Users\sayae\OneDrive\ドキュメント\GM31\1228\GM31 20180420\Debug\GM31 20180416.pdb (Full PDB)
