c:\users\sayae\onedrive\ドキュメント\gm31\1228\gm31 20180420\debug\vc140.pdb
c:\users\sayae\onedrive\ドキュメント\gm31\1228\gm31 20180420\debug\vc140.idb
c:\users\sayae\onedrive\ドキュメント\gm31\1228\gm31 20180420\debug\mode_title.obj
c:\users\sayae\onedrive\ドキュメント\gm31\1228\gm31 20180420\debug\myinput.obj
c:\users\sayae\onedrive\ドキュメント\gm31\1228\gm31 20180420\debug\number.obj
c:\users\sayae\onedrive\ドキュメント\gm31\1228\gm31 20180420\debug\polygon.obj
c:\users\sayae\onedrive\ドキュメント\gm31\1228\gm31 20180420\debug\mode_ranking.obj
c:\users\sayae\onedrive\ドキュメント\gm31\1228\gm31 20180420\debug\renderer.obj
c:\users\sayae\onedrive\ドキュメント\gm31\1228\gm31 20180420\debug\road.obj
c:\users\sayae\onedrive\ドキュメント\gm31\1228\gm31 20180420\debug\road_curve.obj
c:\users\sayae\onedrive\ドキュメント\gm31\1228\gm31 20180420\debug\road_side.obj
c:\users\sayae\onedrive\ドキュメント\gm31\1228\gm31 20180420\debug\scene.obj
c:\users\sayae\onedrive\ドキュメント\gm31\1228\gm31 20180420\debug\signboard.obj
c:\users\sayae\onedrive\ドキュメント\gm31\1228\gm31 20180420\debug\start_check.obj
c:\users\sayae\onedrive\ドキュメント\gm31\1228\gm31 20180420\debug\score.obj
c:\users\sayae\onedrive\ドキュメント\gm31\1228\gm31 20180420\debug\smoke_effect.obj
c:\users\sayae\onedrive\ドキュメント\gm31\1228\gm31 20180420\debug\sound.obj
c:\users\sayae\onedrive\ドキュメント\gm31\1228\gm31 20180420\debug\start_effect.obj
c:\users\sayae\onedrive\ドキュメント\gm31\1228\gm31 20180420\debug\star_effect.obj
c:\users\sayae\onedrive\ドキュメント\gm31\1228\gm31 20180420\debug\tree_bill.obj
c:\users\sayae\onedrive\ドキュメント\gm31\1228\gm31 20180420\debug\sky_box.obj
c:\users\sayae\onedrive\ドキュメント\gm31\1228\gm31 20180420\debug\player.obj
c:\users\sayae\onedrive\ドキュメント\gm31\1228\gm31 20180420\debug\green_shell.obj
c:\users\sayae\onedrive\ドキュメント\gm31\1228\gm31 20180420\debug\hit.obj
c:\users\sayae\onedrive\ドキュメント\gm31\1228\gm31 20180420\debug\imgui.obj
c:\users\sayae\onedrive\ドキュメント\gm31\1228\gm31 20180420\debug\imgui_draw.obj
c:\users\sayae\onedrive\ドキュメント\gm31\1228\gm31 20180420\debug\imgui_impl_dx9.obj
c:\users\sayae\onedrive\ドキュメント\gm31\1228\gm31 20180420\debug\imgui_impl_win32.obj
c:\users\sayae\onedrive\ドキュメント\gm31\1228\gm31 20180420\debug\input.obj
c:\users\sayae\onedrive\ドキュメント\gm31\1228\gm31 20180420\debug\itembox_effect.obj
c:\users\sayae\onedrive\ドキュメント\gm31\1228\gm31 20180420\debug\item_box.obj
c:\users\sayae\onedrive\ドキュメント\gm31\1228\gm31 20180420\debug\jump_board.obj
c:\users\sayae\onedrive\ドキュメント\gm31\1228\gm31 20180420\debug\jump_board_reverse.obj
c:\users\sayae\onedrive\ドキュメント\gm31\1228\gm31 20180420\debug\jump_effect.obj
c:\users\sayae\onedrive\ドキュメント\gm31\1228\gm31 20180420\debug\kasoku_effect.obj
c:\users\sayae\onedrive\ドキュメント\gm31\1228\gm31 20180420\debug\light.obj
c:\users\sayae\onedrive\ドキュメント\gm31\1228\gm31 20180420\debug\main.obj
c:\users\sayae\onedrive\ドキュメント\gm31\1228\gm31 20180420\debug\manager.obj
c:\users\sayae\onedrive\ドキュメント\gm31\1228\gm31 20180420\debug\mesh.obj
c:\users\sayae\onedrive\ドキュメント\gm31\1228\gm31 20180420\debug\mode_game.obj
c:\users\sayae\onedrive\ドキュメント\gm31\1228\gm31 20180420\debug\mode_operation.obj
c:\users\sayae\onedrive\ドキュメント\gm31\1228\gm31 20180420\debug\mode_rule.obj
c:\users\sayae\onedrive\ドキュメント\gm31\1228\gm31 20180420\debug\3d_stagegimic.obj
c:\users\sayae\onedrive\ドキュメント\gm31\1228\gm31 20180420\debug\drifting_effect_mini.obj
c:\users\sayae\onedrive\ドキュメント\gm31\1228\gm31 20180420\debug\enemy.obj
c:\users\sayae\onedrive\ドキュメント\gm31\1228\gm31 20180420\debug\camera.obj
c:\users\sayae\onedrive\ドキュメント\gm31\1228\gm31 20180420\debug\coin_effect.obj
c:\users\sayae\onedrive\ドキュメント\gm31\1228\gm31 20180420\debug\coin.obj
c:\users\sayae\onedrive\ドキュメント\gm31\1228\gm31 20180420\debug\dashboard.obj
c:\users\sayae\onedrive\ドキュメント\gm31\1228\gm31 20180420\debug\dashboard_side.obj
c:\users\sayae\onedrive\ドキュメント\gm31\1228\gm31 20180420\debug\dash_effect.obj
c:\users\sayae\onedrive\ドキュメント\gm31\1228\gm31 20180420\debug\drifting_effect.obj
c:\users\sayae\onedrive\ドキュメント\gm31\1228\gm31 20180420\debug\enemyshadow.obj
c:\users\sayae\onedrive\ドキュメント\gm31\1228\gm31 20180420\debug\explosion.obj
c:\users\sayae\onedrive\ドキュメント\gm31\1228\gm31 20180420\debug\fade.obj
c:\users\sayae\onedrive\ドキュメント\gm31\1228\gm31 20180420\debug\field_3d.obj
c:\users\sayae\onedrive\ドキュメント\gm31\1228\gm31 20180420\debug\gate.obj
c:\users\sayae\onedrive\ドキュメント\gm31\1228\gm31 20180420\debug\gm31 20180416.ilk
c:\users\sayae\onedrive\ドキュメント\gm31\1228\gm31 20180420\debug\gm31 20180416.exe
c:\users\sayae\onedrive\ドキュメント\gm31\1228\gm31 20180420\debug\gm31 20180416.pdb
c:\users\sayae\onedrive\ドキュメント\gm31\1228\gm31 20180420\debug\gm31 20180416.tlog\cl.command.1.tlog
c:\users\sayae\onedrive\ドキュメント\gm31\1228\gm31 20180420\debug\gm31 20180416.tlog\cl.read.1.tlog
c:\users\sayae\onedrive\ドキュメント\gm31\1228\gm31 20180420\debug\gm31 20180416.tlog\cl.write.1.tlog
c:\users\sayae\onedrive\ドキュメント\gm31\1228\gm31 20180420\debug\gm31 20180416.tlog\link.command.1.tlog
c:\users\sayae\onedrive\ドキュメント\gm31\1228\gm31 20180420\debug\gm31 20180416.tlog\link.read.1.tlog
c:\users\sayae\onedrive\ドキュメント\gm31\1228\gm31 20180420\debug\gm31 20180416.tlog\link.write.1.tlog
