c:\users\sayae\onedrive\ドキュメント\gm31\1228\gm31 20180420\release\vc140.pdb
c:\users\sayae\onedrive\ドキュメント\gm31\1228\gm31 20180420\release\main.obj
c:\users\sayae\onedrive\ドキュメント\gm31\1228\gm31 20180420\release\light.obj
c:\users\sayae\onedrive\ドキュメント\gm31\1228\gm31 20180420\release\kasoku_effect.obj
c:\users\sayae\onedrive\ドキュメント\gm31\1228\gm31 20180420\release\item_box.obj
c:\users\sayae\onedrive\ドキュメント\gm31\1228\gm31 20180420\release\itembox_effect.obj
c:\users\sayae\onedrive\ドキュメント\gm31\1228\gm31 20180420\release\input.obj
c:\users\sayae\onedrive\ドキュメント\gm31\1228\gm31 20180420\release\hit.obj
c:\users\sayae\onedrive\ドキュメント\gm31\1228\gm31 20180420\release\gate.obj
c:\users\sayae\onedrive\ドキュメント\gm31\1228\gm31 20180420\release\fade.obj
c:\users\sayae\onedrive\ドキュメント\gm31\1228\gm31 20180420\release\explosion.obj
c:\users\sayae\onedrive\ドキュメント\gm31\1228\gm31 20180420\release\enemyshadow.obj
c:\users\sayae\onedrive\ドキュメント\gm31\1228\gm31 20180420\release\drifting_effect.obj
c:\users\sayae\onedrive\ドキュメント\gm31\1228\gm31 20180420\release\dash_effect.obj
c:\users\sayae\onedrive\ドキュメント\gm31\1228\gm31 20180420\release\dashboard_side.obj
c:\users\sayae\onedrive\ドキュメント\gm31\1228\gm31 20180420\release\dashboard.obj
c:\users\sayae\onedrive\ドキュメント\gm31\1228\gm31 20180420\release\coin.obj
c:\users\sayae\onedrive\ドキュメント\gm31\1228\gm31 20180420\release\coin_effect.obj
c:\users\sayae\onedrive\ドキュメント\gm31\1228\gm31 20180420\release\camera.obj
c:\users\sayae\onedrive\ドキュメント\gm31\1228\gm31 20180420\release\enemy.obj
c:\users\sayae\onedrive\ドキュメント\gm31\1228\gm31 20180420\release\3d_stagegimic.obj
c:\users\sayae\onedrive\ドキュメント\gm31\1228\gm31 20180420\release\sound.obj
c:\users\sayae\onedrive\ドキュメント\gm31\1228\gm31 20180420\release\smoke_effect.obj
c:\users\sayae\onedrive\ドキュメント\gm31\1228\gm31 20180420\release\score.obj
c:\users\sayae\onedrive\ドキュメント\gm31\1228\gm31 20180420\release\start_check.obj
c:\users\sayae\onedrive\ドキュメント\gm31\1228\gm31 20180420\release\scene.obj
c:\users\sayae\onedrive\ドキュメント\gm31\1228\gm31 20180420\release\road_side.obj
c:\users\sayae\onedrive\ドキュメント\gm31\1228\gm31 20180420\release\road_curve.obj
c:\users\sayae\onedrive\ドキュメント\gm31\1228\gm31 20180420\release\road.obj
c:\users\sayae\onedrive\ドキュメント\gm31\1228\gm31 20180420\release\renderer.obj
c:\users\sayae\onedrive\ドキュメント\gm31\1228\gm31 20180420\release\mode_ranking.obj
c:\users\sayae\onedrive\ドキュメント\gm31\1228\gm31 20180420\release\polygon.obj
c:\users\sayae\onedrive\ドキュメント\gm31\1228\gm31 20180420\release\number.obj
c:\users\sayae\onedrive\ドキュメント\gm31\1228\gm31 20180420\release\myinput.obj
c:\users\sayae\onedrive\ドキュメント\gm31\1228\gm31 20180420\release\mode_title.obj
c:\users\sayae\onedrive\ドキュメント\gm31\1228\gm31 20180420\release\mode_rule.obj
c:\users\sayae\onedrive\ドキュメント\gm31\1228\gm31 20180420\release\mode_result.obj
c:\users\sayae\onedrive\ドキュメント\gm31\1228\gm31 20180420\release\mode_operation.obj
c:\users\sayae\onedrive\ドキュメント\gm31\1228\gm31 20180420\release\mode_game.obj
c:\users\sayae\onedrive\ドキュメント\gm31\1228\gm31 20180420\release\mesh.obj
c:\users\sayae\onedrive\ドキュメント\gm31\1228\gm31 20180420\release\manager.obj
c:\users\sayae\onedrive\ドキュメント\gm31\1228\gm31 20180420\release\player.obj
c:\users\sayae\onedrive\ドキュメント\gm31\1228\gm31 20180420\release\sky_box.obj
c:\users\sayae\onedrive\ドキュメント\gm31\1228\gm31 20180420\release\tree_bill.obj
c:\users\sayae\onedrive\ドキュメント\gm31\1228\gm31 20180420\release\start_effect.obj
c:\users\sayae\onedrive\ドキュメント\gm31\1228\gm31 20180420\release\field_3d.obj
c:\users\sayae\onedrive\ドキュメント\gm31\1228\gm31 20180420\release\jump_board.obj
c:\users\sayae\onedrive\ドキュメント\gm31\1228\gm31 20180420\release\star_effect.obj
c:\users\sayae\onedrive\ドキュメント\gm31\1228\gm31 20180420\release\signboard.obj
c:\users\sayae\onedrive\ドキュメント\gm31\1228\gm31 20180420\release\jump_effect.obj
c:\users\sayae\onedrive\ドキュメント\gm31\1228\gm31 20180420\release\gm31 20180416.exe
c:\users\sayae\onedrive\ドキュメント\gm31\1228\gm31 20180420\release\gm31 20180416.ipdb
c:\users\sayae\onedrive\ドキュメント\gm31\1228\gm31 20180420\release\gm31 20180416.iobj
c:\users\sayae\onedrive\ドキュメント\gm31\1228\gm31 20180420\release\gm31 20180416.pdb
c:\users\sayae\onedrive\ドキュメント\gm31\1228\gm31 20180420\release\gm31 20180416.tlog\cl.command.1.tlog
c:\users\sayae\onedrive\ドキュメント\gm31\1228\gm31 20180420\release\gm31 20180416.tlog\cl.read.1.tlog
c:\users\sayae\onedrive\ドキュメント\gm31\1228\gm31 20180420\release\gm31 20180416.tlog\cl.write.1.tlog
c:\users\sayae\onedrive\ドキュメント\gm31\1228\gm31 20180420\release\gm31 20180416.tlog\link.command.1.tlog
c:\users\sayae\onedrive\ドキュメント\gm31\1228\gm31 20180420\release\gm31 20180416.tlog\link.read.1.tlog
c:\users\sayae\onedrive\ドキュメント\gm31\1228\gm31 20180420\release\gm31 20180416.tlog\link.write.1.tlog
